<?xml version="1.0" encoding="UTF-8"?>
<testng-results ignored="0" total="1" passed="1" failed="0" skipped="0">
  <reporter-output>
  </reporter-output>
  <suite started-at="2023-07-31T11:36:14 IST" name="Default suite" finished-at="2023-07-31T11:36:27 IST" duration-ms="13237">
    <groups>
    </groups>
    <test started-at="2023-07-31T11:36:14 IST" name="Default test" finished-at="2023-07-31T11:36:27 IST" duration-ms="13237">
      <class name="NACTET.Wap">
        <test-method is-config="true" signature="urlloading()[pri:0, instance:NACTET.Wap@581ac8a8]" started-at="2023-07-31T11:36:14 IST" name="urlloading" finished-at="2023-07-31T11:36:24 IST" duration-ms="10128" status="PASS">
          <reporter-output>
          </reporter-output>
        </test-method> <!-- urlloading -->
        <test-method signature="testing()[pri:0, instance:NACTET.Wap@581ac8a8]" started-at="2023-07-31T11:36:24 IST" name="testing" finished-at="2023-07-31T11:36:27 IST" duration-ms="3036" status="PASS">
          <reporter-output>
          </reporter-output>
        </test-method> <!-- testing -->
      </class> <!-- NACTET.Wap -->
    </test> <!-- Default test -->
  </suite> <!-- Default suite -->
</testng-results>
